[Bootstrap]
SetupTitle=安裝
SetupText=正在複製檔案，請稍候。
CabFile=suime2008A.CAB
Spawn=Setup1.exe
Uninstal=st6unst.exe
TmpDir=msftqws.pdw
Cabs=1

[Bootstrap Files]
File1=@VB6STKIT.DLL,$(WinSysPathSysFile),,,3/26/99 12:00:00 AM,101888,6.0.84.50
File2=@VB6CHT.DLL,$(WinSysPath),,$(Shared),7/6/98 12:00:00 AM,102160,5.0.81.69
File3=@COMCAT.DLL,$(WinSysPathSysFile),$(DLLSelfRegister),,5/31/98 12:00:00 AM,22288,4.71.1460.1
File4=@STDOLE2.TLB,$(WinSysPathSysFile),$(TLBRegister),,5/5/99 10:22:00 PM,17920,2.40.4275.1
File5=@ASYCFILT.DLL,$(WinSysPathSysFile),,,5/5/99 10:22:00 PM,147728,2.40.4275.1
File6=@OLEPRO32.DLL,$(WinSysPathSysFile),$(DLLSelfRegister),,5/5/99 10:22:00 PM,164112,5.0.4275.1
File7=@OLEAUT32.DLL,$(WinSysPathSysFile),$(DLLSelfRegister),,5/5/99 10:22:00 PM,598288,2.40.4275.1

[IconGroups]
Group0=蘇勝宏中文輸入法2008A
PrivateGroup0=True
Parent0=$(Programs)

[Setup]
Title=蘇勝宏中文輸入法2008A
DefaultDir=$(ProgramFiles)\Project1
AppExe=suime2008A.EXE
AppToUninstall=suime2008A.EXE

[Setup1 Files]
File1=@0.REG,$(AppPath),0.REG,,7/27/08 1:41:06 PM,744,0.0.0.0
File2=@說明.doc,$(AppPath),,$(Shared),7/27/08 12:04:14 PM,268288,0.0.0.0
File3=@SFP3PTR.TBL,$(WinSysPath),,$(Shared),11/26/05 7:42:58 AM,41139,0.0.0.0
File4=@SFP3PHR.TBL,$(WinSysPath),,$(Shared),11/26/05 7:42:58 AM,47164,0.0.0.0
File5=@SFP3.TBL,$(WinSysPath),,$(Shared),11/26/05 7:42:58 AM,29520,0.0.0.0
File6=@SFP3.IME,$(WinSysPath),,$(Shared),11/26/05 7:42:58 AM,10752,5.1.2600.0
File7=@Sfp1PTR.TBL,$(WinSysPath),,$(Shared),11/26/05 9:17:12 AM,10865,0.0.0.0
File8=@Sfp1PHR.TBL,$(WinSysPath),,$(Shared),11/26/05 9:17:12 AM,17410,0.0.0.0
File9=@Sfp1.TBL,$(WinSysPath),,$(Shared),11/26/05 9:17:12 AM,29520,0.0.0.0
File10=@Sfp1.IME,$(WinSysPath),,$(Shared),11/26/05 9:17:12 AM,12288,4.10.0.1998
File11=@SCJ3PTR.TBL,$(WinSysPath),,$(Shared),11/26/05 7:43:48 AM,80,0.0.0.0
File12=@SCJ3PHR.TBL,$(WinSysPath),,$(Shared),11/26/05 7:43:48 AM,52,0.0.0.0
File13=@SCJ3.TBL,$(WinSysPath),,$(Shared),11/26/05 7:43:48 AM,97068,0.0.0.0
File14=@SCJ3.IME,$(WinSysPath),,$(Shared),11/26/05 7:43:48 AM,10752,5.1.2600.0
File15=@SCJ1PTR.TBL,$(WinSysPath),,$(Shared),11/26/05 8:01:58 AM,60,0.0.0.0
File16=@SCJ1PHR.TBL,$(WinSysPath),,$(Shared),11/26/05 8:01:58 AM,52,0.0.0.0
File17=@SCJ1.TBL,$(WinSysPath),,$(Shared),11/26/05 8:01:58 AM,97068,0.0.0.0
File18=@SCJ1.IME,$(WinSysPath),,$(Shared),11/26/05 8:01:58 AM,12288,4.10.0.1998
File19=@UNIIME.DLL,$(WinSysPath),,$(Shared),8/4/04 3:47:46 PM,76288,5.1.2600.2180
File20=@MINIIME.TPL,$(WinSysPath),,$(Shared),8/4/04 2:04:08 PM,11776,5.1.2600.2180

; 刪除以下項目，可獲得較大的空間，以便在完整的安裝磁片上自訂該檔案。
; 
; XXXXXXXXXXXXXXXXXXXXXXXXXXXXXXXXXXXXXXXXXXXXXXXXXXXXXXXXXXXX
; XXXXXXXXXXXXXXXXXXXXXXXXXXXXXXXXXXXXXXXXXXXXXXXXXXXXXXXXXXXX
; XXXXXXXXXXXXXXXXXXXXXXXXXXXXXXXXXXXXXXXXXXXXXXXXXXXXXXXXXXXX
; XXXXXXXXXXXXXXXXXXXXXXXXXXXXXXXXXXXXXXXXXXXXXXXXXXXXXXXXXXXX
; XXXXXXXXXXXXXXXXXXXXXXXXXXXXXXXXXXXXXXXXXXXXXXXXXXXXXXXXXXXX
; XXXXXXXXXXXXXXXXXXXXXXXXXXXXXXXXXXXXXXXXXXXXXXXXXXXXXXXXXXXX
; XXXXXXXXXXXXXXXXXXXXXXXXXXXXXXXXXXXXXXXXXXXXXXXXXXXXXXXXXXXX
; XXXXXXXXXXXXXXXXXXXXXXXXXXXXXXXXXXXXXXXXXXXXXXXXXXXXXXXXXXXX
; XXXXXXXXXXXXXXXXXXXXXXXXXXXXXXXXXXXXXXXXXXXXXXXXXXXXXXXXXXXX
; XXXXXXXXXXXXXXXXXXXXXXXXXXXXXXXXXXXXXXXXXXXXXXXXXXXXXXXXXXXX
; XXXXXXXXXXXXXXXXXXXXXXXXXXXXXXXXXXXXXXXXXXXXXXXXXXXXXXXXXXXX
; XXXXXXXXXXXXXXXXXXXXXXXXXXXXXXXXXXXXXXXXXXXXXXXXXXXXXXXXXXXX
; XXXXXXXXXXXXXXXXXXXXXXXXXXXXXXXXXXXXXXXXXXXXXXXXXXXXXXXXXXXX
; XXXXXXXXXXXXXXXXXXXXXXXXXXXXXXXXXXXXXXXXXXXXXXXXXXXXXXXXXXXX
; XXXXXXXXXXXXXXXXXXXXXXXXXXXXXXXXXXXXXXXXXXXXXXXXXXXXXXXXXXXX
; XXXXXXXXXXXXXXXXXXXXXXXXXXXXXXXXXXXXXXXXXXXXXXXXXXXXXXXXXXXX
; XXXXXXXXXXXXXXXXXXXXXXXXXXXXXXXXXXXXXXXXXXXXXXXXXXXXXXXXXXXX
; XXXXXXXXXXXXXXXXXXXXXXXXXXXXXXXXXXXXXXXXXXXXXXXXXXXXXXXXXXXX
; XXXXXXXXXXXXXXXXXXXXXXXXXXXXXXXXXXXXXXXXXXXXXXXXXXXXXXXXXXXX
; XXXXXXXXXXXXXXXXXXXXXXXXXXXXXXXXXXXXXXXXXXXXXXXXXXXXXXXXXXXX
; XXXXXXXXXXXXXXXXXXXXXXXXXXXXXXXXXXXXXXXXXXXXXXXXXXXXXXXXXXXX
; XXXXXXXXXXXXXXXXXXXXXXXXXXXXXXXXXXXXXXXXXXXXXXXXXXXXXXXXXXXX
; XXXXXXXXXXXXXXXXXXXXXXXXXXXXXXXXXXXXXXXXXXXXXXXXXXXXXXXXXXXX
; XXXXXXXXXXXXXXXXXXXXXXXXXXXXXXXXXXXXXXXXXXXXXXXXXXXXXXXXXXXX
; XXXXXXXXXXXXXXXXXXXXXXXXXXXXXXXXXXXXXXXXXXXXXXXXXXXXXXXXXXXX
; XXXXXXXXXXXXXXXXXXXXXXXXXXXXXXXXXXXXXXXXXXXXXXXXXXXXXXXXXXXX
; XXXXXXXXXXXXXXXXXXXXXXXXXXXXXXXXXXXXXXXXXXXXXXXXXXXXXXXXXXXX
; XXXXXXXXXXXXXXXXXXXXXXXXXXXXXXXXXXXXXXXXXXXXXXXXXXXXXXXXXXXX
; XXXXXXXXXXXXXXXXXXXXXXXXXXXXXXXXXXXXXXXXXXXXXXXXXXXXXXXXXXXX
; XXXXXXXXXXXXXXXXXXXXXXXXXXXXXXXXXXXXXXXXXXXXXXXXXXXXXXXXXXXX
; XXXXXXXXXXXXXXXXXXXXXXXXXXXXXXXXXXXXXXXXXXXXXXXXXXXXXXXXXXXX
; XXXXXXXXXXXXXXXXXXXXXXXXXXXXXXXXXXXXXXXXXXXXXXXXXXXXXXXXXXXX
; XXXXXXXXXXXXXXXXXXXXXXXXXXXXXXXXXXXXXXXXXXXXXXXXXXXXXXXXXXXX
; XXXXXXXXXXXXXXXXXXXXXXXXXXXXXXXXXXXXXXXXXXXXXXXXXXXXXXXXXXXX
; XXXXXXXXXXXXXXXXXXXXXXXXXXXXXXXXXXXXXXXXXXXXXXXXXXXXXXXXXXXX
